#! /usr/bin/vvp
:ivl_version "12.0 (stable)";
:ivl_delay_selection "TYPICAL";
:vpi_time_precision - 12;
:vpi_module "/usr/lib/x86_64-linux-gnu/ivl/system.vpi";
:vpi_module "/usr/lib/x86_64-linux-gnu/ivl/vhdl_sys.vpi";
:vpi_module "/usr/lib/x86_64-linux-gnu/ivl/vhdl_textio.vpi";
:vpi_module "/usr/lib/x86_64-linux-gnu/ivl/v2005_math.vpi";
:vpi_module "/usr/lib/x86_64-linux-gnu/ivl/va_math.vpi";
S_0x5567f562d3e0 .scope module, "tb_cla_4b" "tb_cla_4b" 2 3;
 .timescale -9 -12;
v0x5567f56662c0_0 .var "a", 3 0;
v0x5567f56663a0_0 .var "b", 3 0;
v0x5567f5666470_0 .var "cin", 0 0;
v0x5567f5666570_0 .net "cout", 0 0, L_0x5567f566c400;  1 drivers
v0x5567f5666640_0 .var/i "error_count", 31 0;
v0x5567f56666e0_0 .var "expected_res", 4 0;
v0x5567f5666780_0 .var/i "i", 31 0;
v0x5567f5666860_0 .var/i "j", 31 0;
v0x5567f5666940_0 .var/i "k", 31 0;
v0x5567f5666a20_0 .net "sum", 3 0, L_0x5567f5668e40;  1 drivers
S_0x5567f562d570 .scope module, "dut" "cla_4b" 2 19, 3 1 0, S_0x5567f562d3e0;
 .timescale 0 0;
    .port_info 0 /INPUT 4 "a";
    .port_info 1 /INPUT 4 "b";
    .port_info 2 /INPUT 1 "cin";
    .port_info 3 /OUTPUT 4 "sum";
    .port_info 4 /OUTPUT 1 "cout";
L_0x5567f5669350 .functor BUFZ 1, v0x5567f5666470_0, C4<0>, C4<0>, C4<0>;
L_0x5567f5669690 .functor AND 1, L_0x5567f56695f0, v0x5567f5666470_0, C4<1>, C4<1>;
L_0x5567f5669750 .functor OR 1, L_0x5567f5669410, L_0x5567f5669690, C4<0>, C4<0>;
L_0x5567f5669e00 .functor AND 1, L_0x5567f5669c50, v0x5567f5666470_0, C4<1>, C4<1>;
L_0x5567f5669ea0 .functor OR 1, L_0x5567f5669aa0, L_0x5567f5669e00, C4<0>, C4<0>;
L_0x5567f5669f60 .functor AND 1, L_0x5567f5669a00, L_0x5567f5669ea0, C4<1>, C4<1>;
L_0x5567f566a0b0 .functor OR 1, L_0x5567f5669860, L_0x5567f5669f60, C4<0>, C4<0>;
L_0x5567f566a940 .functor AND 1, L_0x5567f566a870, v0x5567f5666470_0, C4<1>, C4<1>;
L_0x5567f566aa80 .functor OR 1, L_0x5567f566a690, L_0x5567f566a940, C4<0>, C4<0>;
L_0x5567f566ab90 .functor AND 1, L_0x5567f566a5f0, L_0x5567f566aa80, C4<1>, C4<1>;
L_0x5567f566ad00 .functor OR 1, L_0x5567f566a420, L_0x5567f566ab90, C4<0>, C4<0>;
L_0x5567f566adc0 .functor AND 1, L_0x5567f566a380, L_0x5567f566ad00, C4<1>, C4<1>;
L_0x5567f566af40 .functor OR 1, L_0x5567f566a1c0, L_0x5567f566adc0, C4<0>, C4<0>;
L_0x5567f566be60 .functor AND 1, L_0x5567f566bc30, v0x5567f5666470_0, C4<1>, C4<1>;
L_0x5567f566aed0 .functor OR 1, L_0x5567f566bb90, L_0x5567f566be60, C4<0>, C4<0>;
L_0x5567f566c040 .functor AND 1, L_0x5567f566b970, L_0x5567f566aed0, C4<1>, C4<1>;
L_0x5567f566c1e0 .functor OR 1, L_0x5567f566b8d0, L_0x5567f566c040, C4<0>, C4<0>;
L_0x5567f566c2f0 .functor AND 1, L_0x5567f566b6c0, L_0x5567f566c1e0, C4<1>, C4<1>;
L_0x5567f566c4a0 .functor OR 1, L_0x5567f566b620, L_0x5567f566c2f0, C4<0>, C4<0>;
L_0x5567f566c5b0 .functor AND 1, L_0x5567f566b420, L_0x5567f566c4a0, C4<1>, C4<1>;
L_0x5567f566c770 .functor OR 1, L_0x5567f566b380, L_0x5567f566c5b0, C4<0>, C4<0>;
v0x5567f56634f0_0 .net *"_ivl_101", 0 0, L_0x5567f566ab90;  1 drivers
v0x5567f56635f0_0 .net *"_ivl_103", 0 0, L_0x5567f566ad00;  1 drivers
v0x5567f56636d0_0 .net *"_ivl_105", 0 0, L_0x5567f566adc0;  1 drivers
v0x5567f56637c0_0 .net *"_ivl_107", 0 0, L_0x5567f566af40;  1 drivers
v0x5567f56638a0_0 .net *"_ivl_113", 0 0, L_0x5567f566b380;  1 drivers
v0x5567f56639d0_0 .net *"_ivl_115", 0 0, L_0x5567f566b420;  1 drivers
v0x5567f5663ab0_0 .net *"_ivl_117", 0 0, L_0x5567f566b620;  1 drivers
v0x5567f5663b90_0 .net *"_ivl_119", 0 0, L_0x5567f566b6c0;  1 drivers
v0x5567f5663c70_0 .net *"_ivl_121", 0 0, L_0x5567f566b8d0;  1 drivers
v0x5567f5663d50_0 .net *"_ivl_123", 0 0, L_0x5567f566b970;  1 drivers
v0x5567f5663e30_0 .net *"_ivl_125", 0 0, L_0x5567f566bb90;  1 drivers
v0x5567f5663f10_0 .net *"_ivl_127", 0 0, L_0x5567f566bc30;  1 drivers
v0x5567f5663ff0_0 .net *"_ivl_128", 0 0, L_0x5567f566be60;  1 drivers
v0x5567f56640d0_0 .net *"_ivl_130", 0 0, L_0x5567f566aed0;  1 drivers
v0x5567f56641b0_0 .net *"_ivl_132", 0 0, L_0x5567f566c040;  1 drivers
v0x5567f5664290_0 .net *"_ivl_134", 0 0, L_0x5567f566c1e0;  1 drivers
v0x5567f5664370_0 .net *"_ivl_136", 0 0, L_0x5567f566c2f0;  1 drivers
v0x5567f5664450_0 .net *"_ivl_138", 0 0, L_0x5567f566c4a0;  1 drivers
v0x5567f5664530_0 .net *"_ivl_140", 0 0, L_0x5567f566c5b0;  1 drivers
v0x5567f5664610_0 .net *"_ivl_142", 0 0, L_0x5567f566c770;  1 drivers
v0x5567f56646f0_0 .net *"_ivl_54", 0 0, L_0x5567f5669350;  1 drivers
v0x5567f56647d0_0 .net *"_ivl_58", 0 0, L_0x5567f5669410;  1 drivers
v0x5567f56648b0_0 .net *"_ivl_60", 0 0, L_0x5567f56695f0;  1 drivers
v0x5567f5664990_0 .net *"_ivl_61", 0 0, L_0x5567f5669690;  1 drivers
v0x5567f5664a70_0 .net *"_ivl_63", 0 0, L_0x5567f5669750;  1 drivers
v0x5567f5664b50_0 .net *"_ivl_68", 0 0, L_0x5567f5669860;  1 drivers
v0x5567f5664c30_0 .net *"_ivl_70", 0 0, L_0x5567f5669a00;  1 drivers
v0x5567f5664d10_0 .net *"_ivl_72", 0 0, L_0x5567f5669aa0;  1 drivers
v0x5567f5664df0_0 .net *"_ivl_74", 0 0, L_0x5567f5669c50;  1 drivers
v0x5567f5664ed0_0 .net *"_ivl_75", 0 0, L_0x5567f5669e00;  1 drivers
v0x5567f5664fb0_0 .net *"_ivl_77", 0 0, L_0x5567f5669ea0;  1 drivers
v0x5567f5665090_0 .net *"_ivl_79", 0 0, L_0x5567f5669f60;  1 drivers
v0x5567f5665170_0 .net *"_ivl_81", 0 0, L_0x5567f566a0b0;  1 drivers
v0x5567f5665460_0 .net *"_ivl_86", 0 0, L_0x5567f566a1c0;  1 drivers
v0x5567f5665540_0 .net *"_ivl_88", 0 0, L_0x5567f566a380;  1 drivers
v0x5567f5665620_0 .net *"_ivl_90", 0 0, L_0x5567f566a420;  1 drivers
v0x5567f5665700_0 .net *"_ivl_92", 0 0, L_0x5567f566a5f0;  1 drivers
v0x5567f56657e0_0 .net *"_ivl_94", 0 0, L_0x5567f566a690;  1 drivers
v0x5567f56658c0_0 .net *"_ivl_96", 0 0, L_0x5567f566a870;  1 drivers
v0x5567f56659a0_0 .net *"_ivl_97", 0 0, L_0x5567f566a940;  1 drivers
v0x5567f5665a80_0 .net *"_ivl_99", 0 0, L_0x5567f566aa80;  1 drivers
v0x5567f5665b60_0 .net "a", 3 0, v0x5567f56662c0_0;  1 drivers
v0x5567f5665c40_0 .net "b", 3 0, v0x5567f56663a0_0;  1 drivers
v0x5567f5665d20_0 .net "c", 4 0, L_0x5567f566b050;  1 drivers
v0x5567f5665e00_0 .net "cin", 0 0, v0x5567f5666470_0;  1 drivers
v0x5567f5665ec0_0 .net "cout", 0 0, L_0x5567f566c400;  alias, 1 drivers
v0x5567f5665f80_0 .net "g", 3 0, L_0x5567f5667bc0;  1 drivers
v0x5567f5666060_0 .net "p", 3 0, L_0x5567f5668000;  1 drivers
v0x5567f5666140_0 .net "sum", 3 0, L_0x5567f5668e40;  alias, 1 drivers
L_0x5567f5666ae0 .part v0x5567f56662c0_0, 0, 1;
L_0x5567f5666bb0 .part v0x5567f56663a0_0, 0, 1;
L_0x5567f5666db0 .part v0x5567f56662c0_0, 0, 1;
L_0x5567f5666e50 .part v0x5567f56663a0_0, 0, 1;
L_0x5567f5667060 .part v0x5567f56662c0_0, 1, 1;
L_0x5567f5667190 .part v0x5567f56663a0_0, 1, 1;
L_0x5567f5667370 .part v0x5567f56662c0_0, 1, 1;
L_0x5567f5667410 .part v0x5567f56663a0_0, 1, 1;
L_0x5567f5667640 .part v0x5567f56662c0_0, 2, 1;
L_0x5567f56676e0 .part v0x5567f56663a0_0, 2, 1;
L_0x5567f56678d0 .part v0x5567f56662c0_0, 2, 1;
L_0x5567f5667970 .part v0x5567f56663a0_0, 2, 1;
L_0x5567f5667bc0 .concat8 [ 1 1 1 1], L_0x5567f5666ca0, L_0x5567f5667300, L_0x5567f56677e0, L_0x5567f5667a10;
L_0x5567f5667d50 .part v0x5567f56662c0_0, 3, 1;
L_0x5567f5667e70 .part v0x5567f56663a0_0, 3, 1;
L_0x5567f5668000 .concat8 [ 1 1 1 1], L_0x5567f5666f20, L_0x5567f5667500, L_0x5567f5667a80, L_0x5567f5668400;
L_0x5567f5668220 .part v0x5567f56662c0_0, 3, 1;
L_0x5567f56682c0 .part v0x5567f56663a0_0, 3, 1;
L_0x5567f5668560 .part L_0x5567f5668000, 0, 1;
L_0x5567f5668650 .part L_0x5567f566b050, 0, 1;
L_0x5567f5668360 .part L_0x5567f5668000, 1, 1;
L_0x5567f56688b0 .part L_0x5567f566b050, 1, 1;
L_0x5567f5668b70 .part L_0x5567f5668000, 2, 1;
L_0x5567f5668c10 .part L_0x5567f566b050, 2, 1;
L_0x5567f5668e40 .concat8 [ 1 1 1 1], L_0x5567f56687a0, L_0x5567f5668a60, L_0x5567f5668d80, L_0x5567f5669240;
L_0x5567f5669020 .part L_0x5567f5668000, 3, 1;
L_0x5567f56691a0 .part L_0x5567f566b050, 3, 1;
L_0x5567f5669410 .part L_0x5567f5667bc0, 0, 1;
L_0x5567f56695f0 .part L_0x5567f5668000, 0, 1;
L_0x5567f5669860 .part L_0x5567f5667bc0, 1, 1;
L_0x5567f5669a00 .part L_0x5567f5668000, 1, 1;
L_0x5567f5669aa0 .part L_0x5567f5667bc0, 0, 1;
L_0x5567f5669c50 .part L_0x5567f5668000, 0, 1;
L_0x5567f566a1c0 .part L_0x5567f5667bc0, 2, 1;
L_0x5567f566a380 .part L_0x5567f5668000, 2, 1;
L_0x5567f566a420 .part L_0x5567f5667bc0, 1, 1;
L_0x5567f566a5f0 .part L_0x5567f5668000, 1, 1;
L_0x5567f566a690 .part L_0x5567f5667bc0, 0, 1;
L_0x5567f566a870 .part L_0x5567f5668000, 0, 1;
LS_0x5567f566b050_0_0 .concat8 [ 1 1 1 1], L_0x5567f5669350, L_0x5567f5669750, L_0x5567f566a0b0, L_0x5567f566af40;
LS_0x5567f566b050_0_4 .concat8 [ 1 0 0 0], L_0x5567f566c770;
L_0x5567f566b050 .concat8 [ 4 1 0 0], LS_0x5567f566b050_0_0, LS_0x5567f566b050_0_4;
L_0x5567f566b380 .part L_0x5567f5667bc0, 3, 1;
L_0x5567f566b420 .part L_0x5567f5668000, 3, 1;
L_0x5567f566b620 .part L_0x5567f5667bc0, 2, 1;
L_0x5567f566b6c0 .part L_0x5567f5668000, 2, 1;
L_0x5567f566b8d0 .part L_0x5567f5667bc0, 1, 1;
L_0x5567f566b970 .part L_0x5567f5668000, 1, 1;
L_0x5567f566bb90 .part L_0x5567f5667bc0, 0, 1;
L_0x5567f566bc30 .part L_0x5567f5668000, 0, 1;
L_0x5567f566c400 .part L_0x5567f566b050, 4, 1;
S_0x5567f55ee490 .scope generate, "create_g_and_p[0]" "create_g_and_p[0]" 3 13, 3 13 0, S_0x5567f562d570;
 .timescale 0 0;
P_0x5567f55ee670 .param/l "j" 1 3 13, +C4<00>;
L_0x5567f5666ca0 .functor AND 1, L_0x5567f5666ae0, L_0x5567f5666bb0, C4<1>, C4<1>;
L_0x5567f5666f20 .functor XOR 1, L_0x5567f5666db0, L_0x5567f5666e50, C4<0>, C4<0>;
v0x5567f562e970_0 .net *"_ivl_0", 0 0, L_0x5567f5666ae0;  1 drivers
v0x5567f562ec30_0 .net *"_ivl_1", 0 0, L_0x5567f5666bb0;  1 drivers
v0x5567f5660210_0 .net *"_ivl_2", 0 0, L_0x5567f5666ca0;  1 drivers
v0x5567f56602d0_0 .net *"_ivl_4", 0 0, L_0x5567f5666db0;  1 drivers
v0x5567f56603b0_0 .net *"_ivl_5", 0 0, L_0x5567f5666e50;  1 drivers
v0x5567f56604e0_0 .net *"_ivl_6", 0 0, L_0x5567f5666f20;  1 drivers
S_0x5567f56605c0 .scope generate, "create_g_and_p[1]" "create_g_and_p[1]" 3 13, 3 13 0, S_0x5567f562d570;
 .timescale 0 0;
P_0x5567f56607e0 .param/l "j" 1 3 13, +C4<01>;
L_0x5567f5667300 .functor AND 1, L_0x5567f5667060, L_0x5567f5667190, C4<1>, C4<1>;
L_0x5567f5667500 .functor XOR 1, L_0x5567f5667370, L_0x5567f5667410, C4<0>, C4<0>;
v0x5567f56608a0_0 .net *"_ivl_0", 0 0, L_0x5567f5667060;  1 drivers
v0x5567f5660980_0 .net *"_ivl_1", 0 0, L_0x5567f5667190;  1 drivers
v0x5567f5660a60_0 .net *"_ivl_2", 0 0, L_0x5567f5667300;  1 drivers
v0x5567f5660b20_0 .net *"_ivl_4", 0 0, L_0x5567f5667370;  1 drivers
v0x5567f5660c00_0 .net *"_ivl_5", 0 0, L_0x5567f5667410;  1 drivers
v0x5567f5660d30_0 .net *"_ivl_6", 0 0, L_0x5567f5667500;  1 drivers
S_0x5567f5660e10 .scope generate, "create_g_and_p[2]" "create_g_and_p[2]" 3 13, 3 13 0, S_0x5567f562d570;
 .timescale 0 0;
P_0x5567f5661010 .param/l "j" 1 3 13, +C4<010>;
L_0x5567f56677e0 .functor AND 1, L_0x5567f5667640, L_0x5567f56676e0, C4<1>, C4<1>;
L_0x5567f5667a80 .functor XOR 1, L_0x5567f56678d0, L_0x5567f5667970, C4<0>, C4<0>;
v0x5567f56610d0_0 .net *"_ivl_0", 0 0, L_0x5567f5667640;  1 drivers
v0x5567f56611b0_0 .net *"_ivl_1", 0 0, L_0x5567f56676e0;  1 drivers
v0x5567f5661290_0 .net *"_ivl_2", 0 0, L_0x5567f56677e0;  1 drivers
v0x5567f5661380_0 .net *"_ivl_4", 0 0, L_0x5567f56678d0;  1 drivers
v0x5567f5661460_0 .net *"_ivl_5", 0 0, L_0x5567f5667970;  1 drivers
v0x5567f5661590_0 .net *"_ivl_6", 0 0, L_0x5567f5667a80;  1 drivers
S_0x5567f5661670 .scope generate, "create_g_and_p[3]" "create_g_and_p[3]" 3 13, 3 13 0, S_0x5567f562d570;
 .timescale 0 0;
P_0x5567f5661870 .param/l "j" 1 3 13, +C4<011>;
L_0x5567f5667a10 .functor AND 1, L_0x5567f5667d50, L_0x5567f5667e70, C4<1>, C4<1>;
L_0x5567f5668400 .functor XOR 1, L_0x5567f5668220, L_0x5567f56682c0, C4<0>, C4<0>;
v0x5567f5661950_0 .net *"_ivl_0", 0 0, L_0x5567f5667d50;  1 drivers
v0x5567f5661a30_0 .net *"_ivl_1", 0 0, L_0x5567f5667e70;  1 drivers
v0x5567f5661b10_0 .net *"_ivl_2", 0 0, L_0x5567f5667a10;  1 drivers
v0x5567f5661bd0_0 .net *"_ivl_4", 0 0, L_0x5567f5668220;  1 drivers
v0x5567f5661cb0_0 .net *"_ivl_5", 0 0, L_0x5567f56682c0;  1 drivers
v0x5567f5661de0_0 .net *"_ivl_6", 0 0, L_0x5567f5668400;  1 drivers
S_0x5567f5661ec0 .scope generate, "create_sum[0]" "create_sum[0]" 3 39, 3 39 0, S_0x5567f562d570;
 .timescale 0 0;
P_0x5567f5662110 .param/l "l" 1 3 39, +C4<00>;
L_0x5567f56687a0 .functor XOR 1, L_0x5567f5668560, L_0x5567f5668650, C4<0>, C4<0>;
v0x5567f56621f0_0 .net *"_ivl_0", 0 0, L_0x5567f5668560;  1 drivers
v0x5567f56622d0_0 .net *"_ivl_1", 0 0, L_0x5567f5668650;  1 drivers
v0x5567f56623b0_0 .net *"_ivl_2", 0 0, L_0x5567f56687a0;  1 drivers
S_0x5567f5662470 .scope generate, "create_sum[1]" "create_sum[1]" 3 39, 3 39 0, S_0x5567f562d570;
 .timescale 0 0;
P_0x5567f5662670 .param/l "l" 1 3 39, +C4<01>;
L_0x5567f5668a60 .functor XOR 1, L_0x5567f5668360, L_0x5567f56688b0, C4<0>, C4<0>;
v0x5567f5662750_0 .net *"_ivl_0", 0 0, L_0x5567f5668360;  1 drivers
v0x5567f5662830_0 .net *"_ivl_1", 0 0, L_0x5567f56688b0;  1 drivers
v0x5567f5662910_0 .net *"_ivl_2", 0 0, L_0x5567f5668a60;  1 drivers
S_0x5567f56629d0 .scope generate, "create_sum[2]" "create_sum[2]" 3 39, 3 39 0, S_0x5567f562d570;
 .timescale 0 0;
P_0x5567f5662bd0 .param/l "l" 1 3 39, +C4<010>;
L_0x5567f5668d80 .functor XOR 1, L_0x5567f5668b70, L_0x5567f5668c10, C4<0>, C4<0>;
v0x5567f5662cb0_0 .net *"_ivl_0", 0 0, L_0x5567f5668b70;  1 drivers
v0x5567f5662d90_0 .net *"_ivl_1", 0 0, L_0x5567f5668c10;  1 drivers
v0x5567f5662e70_0 .net *"_ivl_2", 0 0, L_0x5567f5668d80;  1 drivers
S_0x5567f5662f60 .scope generate, "create_sum[3]" "create_sum[3]" 3 39, 3 39 0, S_0x5567f562d570;
 .timescale 0 0;
P_0x5567f5663160 .param/l "l" 1 3 39, +C4<011>;
L_0x5567f5669240 .functor XOR 1, L_0x5567f5669020, L_0x5567f56691a0, C4<0>, C4<0>;
v0x5567f5663240_0 .net *"_ivl_0", 0 0, L_0x5567f5669020;  1 drivers
v0x5567f5663320_0 .net *"_ivl_1", 0 0, L_0x5567f56691a0;  1 drivers
v0x5567f5663400_0 .net *"_ivl_2", 0 0, L_0x5567f5669240;  1 drivers
    .scope S_0x5567f562d3e0;
T_0 ;
    %pushi/vec4 0, 0, 32;
    %store/vec4 v0x5567f5666640_0, 0, 32;
    %end;
    .thread T_0;
    .scope S_0x5567f562d3e0;
T_1 ;
    %vpi_call 2 29 "$display", "--- Bat dau Simulation cho khoi CLA 4-bit ---" {0 0 0};
    %pushi/vec4 0, 0, 32;
    %store/vec4 v0x5567f5666640_0, 0, 32;
    %pushi/vec4 0, 0, 32;
    %store/vec4 v0x5567f5666940_0, 0, 32;
T_1.0 ;
    %load/vec4 v0x5567f5666940_0;
    %cmpi/s 2, 0, 32;
    %jmp/0xz T_1.1, 5;
    %pushi/vec4 0, 0, 32;
    %store/vec4 v0x5567f5666780_0, 0, 32;
T_1.2 ;
    %load/vec4 v0x5567f5666780_0;
    %cmpi/s 16, 0, 32;
    %jmp/0xz T_1.3, 5;
    %pushi/vec4 0, 0, 32;
    %store/vec4 v0x5567f5666860_0, 0, 32;
T_1.4 ;
    %load/vec4 v0x5567f5666860_0;
    %cmpi/s 16, 0, 32;
    %jmp/0xz T_1.5, 5;
    %load/vec4 v0x5567f5666780_0;
    %pad/s 4;
    %store/vec4 v0x5567f56662c0_0, 0, 4;
    %load/vec4 v0x5567f5666860_0;
    %pad/s 4;
    %store/vec4 v0x5567f56663a0_0, 0, 4;
    %load/vec4 v0x5567f5666940_0;
    %pad/s 1;
    %store/vec4 v0x5567f5666470_0, 0, 1;
    %delay 10000, 0;
    %load/vec4 v0x5567f56662c0_0;
    %pad/u 5;
    %load/vec4 v0x5567f56663a0_0;
    %pad/u 5;
    %add;
    %load/vec4 v0x5567f5666470_0;
    %pad/u 5;
    %add;
    %store/vec4 v0x5567f56666e0_0, 0, 5;
    %load/vec4 v0x5567f5666570_0;
    %load/vec4 v0x5567f5666a20_0;
    %concat/vec4; draw_concat_vec4
    %load/vec4 v0x5567f56666e0_0;
    %cmp/ne;
    %jmp/0xz  T_1.6, 6;
    %load/vec4 v0x5567f5666570_0;
    %load/vec4 v0x5567f5666a20_0;
    %concat/vec4; draw_concat_vec4
    %vpi_call 2 49 "$display", "LOI tai: A=%d, B=%d, Cin=%b | Thuc te: {Cout,Sum}=%b, Ky vong: %b", v0x5567f56662c0_0, v0x5567f56663a0_0, v0x5567f5666470_0, S<0,vec4,u5>, v0x5567f56666e0_0 {1 0 0};
    %load/vec4 v0x5567f5666640_0;
    %addi 1, 0, 32;
    %store/vec4 v0x5567f5666640_0, 0, 32;
T_1.6 ;
    %load/vec4 v0x5567f5666860_0;
    %addi 1, 0, 32;
    %store/vec4 v0x5567f5666860_0, 0, 32;
    %jmp T_1.4;
T_1.5 ;
    %load/vec4 v0x5567f5666780_0;
    %addi 1, 0, 32;
    %store/vec4 v0x5567f5666780_0, 0, 32;
    %jmp T_1.2;
T_1.3 ;
    %load/vec4 v0x5567f5666940_0;
    %addi 1, 0, 32;
    %store/vec4 v0x5567f5666940_0, 0, 32;
    %jmp T_1.0;
T_1.1 ;
    %load/vec4 v0x5567f5666640_0;
    %cmpi/e 0, 0, 32;
    %jmp/0xz  T_1.8, 4;
    %vpi_call 2 59 "$display", ">>> KET QUA: PASS! Tat ca cac truong hop deu dung." {0 0 0};
    %jmp T_1.9;
T_1.8 ;
    %vpi_call 2 61 "$display", ">>> KET QUA: FAIL! Co %d loi duoc tim thay.", v0x5567f5666640_0 {0 0 0};
T_1.9 ;
    %vpi_call 2 64 "$finish" {0 0 0};
    %end;
    .thread T_1;
    .scope S_0x5567f562d3e0;
T_2 ;
    %vpi_call 2 69 "$dumpfile", "cla_4b.vcd" {0 0 0};
    %vpi_call 2 70 "$dumpvars", 32'sb00000000000000000000000000000000, S_0x5567f562d3e0 {0 0 0};
    %end;
    .thread T_2;
# The file index is used to find the file name in the following table.
:file_names 4;
    "N/A";
    "<interactive>";
    "tb/tb_cla_4b.v";
    "rtl/cla_4b.v";
